[    1460ms] [WARNING] ConfigCat - WARN - [3000] There is an existing client instance for the specified SDK Key. No new client instance will be created and the specified options are ignored. Returning the existing client instance. SDK Key: 'configcat-proxy/frontend-v2'. @ https://frontend-assets.supabase.com/studio/9145470ff60d/_next/static/chunks/5dac333bb9adbc61.js?dpl=dpl_FuqfSVEXXQgrn681Xc9S6p6X1hnE:5
[  163955ms] Uncaught Error: Minified React error #425; visit https://reactjs.org/docs/error-decoder.html?invariant=425 for the full message or use the non-minified dev environment for full errors and additional helpful warnings.
    at rh (https://frontend-assets.supabase.com/studio/9145470ff60d/_next/static/chunks/b19069f5770f95c9.js?dpl=dpl_FuqfSVEXXQgrn681Xc9S6p6X1hnE:1:44173)
    at <anonymous> (https://frontend-assets.supabase.com/studio/9145470ff60d/_next/static/chunks/b19069f5770f95c9.js?dpl=dpl_FuqfSVEXXQgrn681Xc9S6p6X1hnE:1:104546)
    at oO (https://frontend-assets.supabase.com/studio/9145470ff60d/_next/static/chunks/b19069f5770f95c9.js?dpl=dpl_FuqfSVEXXQgrn681Xc9S6p6X1hnE:1:110054)
    at oD (https://frontend-assets.supabase.com/studio/9145470ff60d/_next/static/chunks/b19069f5770f95c9.js?dpl=dpl_FuqfSVEXXQgrn681Xc9S6p6X1hnE:1:103005)
    at oR (https://frontend-assets.supabase.com/studio/9145470ff60d/_next/static/chunks/b19069f5770f95c9.js?dpl=dpl_FuqfSVEXXQgrn681Xc9S6p6X1hnE:1:102815)
    at oS (https://frontend-assets.supabase.com/studio/9145470ff60d/_next/static/chunks/b19069f5770f95c9.js?dpl=dpl_FuqfSVEXXQgrn681Xc9S6p6X1hnE:1:97888)
    at E (https://frontend-assets.supabase.com/studio/9145470ff60d/_next/static/chunks/b19069f5770f95c9.js?dpl=dpl_FuqfSVEXXQgrn681Xc9S6p6X1hnE:1:1500)
    at L (https://frontend-assets.supabase.com/studio/9145470ff60d/_next/static/chunks/b19069f5770f95c9.js?dpl=dpl_FuqfSVEXXQgrn681Xc9S6p6X1hnE:1:2030)
[  163957ms] Uncaught Error: Minified React error #418; visit https://reactjs.org/docs/error-decoder.html?invariant=418 for the full message or use the non-minified dev environment for full errors and additional helpful warnings.
    at lg (https://frontend-assets.supabase.com/studio/9145470ff60d/_next/static/chunks/b19069f5770f95c9.js?dpl=dpl_FuqfSVEXXQgrn681Xc9S6p6X1hnE:1:50463)
    at i (https://frontend-assets.supabase.com/studio/9145470ff60d/_next/static/chunks/b19069f5770f95c9.js?dpl=dpl_FuqfSVEXXQgrn681Xc9S6p6X1hnE:1:124957)
    at oD (https://frontend-assets.supabase.com/studio/9145470ff60d/_next/static/chunks/b19069f5770f95c9.js?dpl=dpl_FuqfSVEXXQgrn681Xc9S6p6X1hnE:1:102945)
    at oR (https://frontend-assets.supabase.com/studio/9145470ff60d/_next/static/chunks/b19069f5770f95c9.js?dpl=dpl_FuqfSVEXXQgrn681Xc9S6p6X1hnE:1:102815)
    at oS (https://frontend-assets.supabase.com/studio/9145470ff60d/_next/static/chunks/b19069f5770f95c9.js?dpl=dpl_FuqfSVEXXQgrn681Xc9S6p6X1hnE:1:97888)
    at E (https://frontend-assets.supabase.com/studio/9145470ff60d/_next/static/chunks/b19069f5770f95c9.js?dpl=dpl_FuqfSVEXXQgrn681Xc9S6p6X1hnE:1:1500)
    at L (https://frontend-assets.supabase.com/studio/9145470ff60d/_next/static/chunks/b19069f5770f95c9.js?dpl=dpl_FuqfSVEXXQgrn681Xc9S6p6X1hnE:1:2030)
[  163958ms] Uncaught Error: Minified React error #418; visit https://reactjs.org/docs/error-decoder.html?invariant=418 for the full message or use the non-minified dev environment for full errors and additional helpful warnings.
    at lg (https://frontend-assets.supabase.com/studio/9145470ff60d/_next/static/chunks/b19069f5770f95c9.js?dpl=dpl_FuqfSVEXXQgrn681Xc9S6p6X1hnE:1:50463)
    at i (https://frontend-assets.supabase.com/studio/9145470ff60d/_next/static/chunks/b19069f5770f95c9.js?dpl=dpl_FuqfSVEXXQgrn681Xc9S6p6X1hnE:1:124957)
    at oD (https://frontend-assets.supabase.com/studio/9145470ff60d/_next/static/chunks/b19069f5770f95c9.js?dpl=dpl_FuqfSVEXXQgrn681Xc9S6p6X1hnE:1:102945)
    at oR (https://frontend-assets.supabase.com/studio/9145470ff60d/_next/static/chunks/b19069f5770f95c9.js?dpl=dpl_FuqfSVEXXQgrn681Xc9S6p6X1hnE:1:102815)
    at oS (https://frontend-assets.supabase.com/studio/9145470ff60d/_next/static/chunks/b19069f5770f95c9.js?dpl=dpl_FuqfSVEXXQgrn681Xc9S6p6X1hnE:1:97888)
    at E (https://frontend-assets.supabase.com/studio/9145470ff60d/_next/static/chunks/b19069f5770f95c9.js?dpl=dpl_FuqfSVEXXQgrn681Xc9S6p6X1hnE:1:1500)
    at L (https://frontend-assets.supabase.com/studio/9145470ff60d/_next/static/chunks/b19069f5770f95c9.js?dpl=dpl_FuqfSVEXXQgrn681Xc9S6p6X1hnE:1:2030)
[  163958ms] Uncaught Error: Minified React error #418; visit https://reactjs.org/docs/error-decoder.html?invariant=418 for the full message or use the non-minified dev environment for full errors and additional helpful warnings.
    at lg (https://frontend-assets.supabase.com/studio/9145470ff60d/_next/static/chunks/b19069f5770f95c9.js?dpl=dpl_FuqfSVEXXQgrn681Xc9S6p6X1hnE:1:50463)
    at i (https://frontend-assets.supabase.com/studio/9145470ff60d/_next/static/chunks/b19069f5770f95c9.js?dpl=dpl_FuqfSVEXXQgrn681Xc9S6p6X1hnE:1:124957)
    at oD (https://frontend-assets.supabase.com/studio/9145470ff60d/_next/static/chunks/b19069f5770f95c9.js?dpl=dpl_FuqfSVEXXQgrn681Xc9S6p6X1hnE:1:102945)
    at oR (https://frontend-assets.supabase.com/studio/9145470ff60d/_next/static/chunks/b19069f5770f95c9.js?dpl=dpl_FuqfSVEXXQgrn681Xc9S6p6X1hnE:1:102815)
    at oS (https://frontend-assets.supabase.com/studio/9145470ff60d/_next/static/chunks/b19069f5770f95c9.js?dpl=dpl_FuqfSVEXXQgrn681Xc9S6p6X1hnE:1:97888)
    at E (https://frontend-assets.supabase.com/studio/9145470ff60d/_next/static/chunks/b19069f5770f95c9.js?dpl=dpl_FuqfSVEXXQgrn681Xc9S6p6X1hnE:1:1500)
    at L (https://frontend-assets.supabase.com/studio/9145470ff60d/_next/static/chunks/b19069f5770f95c9.js?dpl=dpl_FuqfSVEXXQgrn681Xc9S6p6X1hnE:1:2030)
[  163959ms] Uncaught Error: Minified React error #418; visit https://reactjs.org/docs/error-decoder.html?invariant=418 for the full message or use the non-minified dev environment for full errors and additional helpful warnings.
    at lg (https://frontend-assets.supabase.com/studio/9145470ff60d/_next/static/chunks/b19069f5770f95c9.js?dpl=dpl_FuqfSVEXXQgrn681Xc9S6p6X1hnE:1:50463)
    at i (https://frontend-assets.supabase.com/studio/9145470ff60d/_next/static/chunks/b19069f5770f95c9.js?dpl=dpl_FuqfSVEXXQgrn681Xc9S6p6X1hnE:1:124957)
    at oD (https://frontend-assets.supabase.com/studio/9145470ff60d/_next/static/chunks/b19069f5770f95c9.js?dpl=dpl_FuqfSVEXXQgrn681Xc9S6p6X1hnE:1:102945)
    at oR (https://frontend-assets.supabase.com/studio/9145470ff60d/_next/static/chunks/b19069f5770f95c9.js?dpl=dpl_FuqfSVEXXQgrn681Xc9S6p6X1hnE:1:102815)
    at oS (https://frontend-assets.supabase.com/studio/9145470ff60d/_next/static/chunks/b19069f5770f95c9.js?dpl=dpl_FuqfSVEXXQgrn681Xc9S6p6X1hnE:1:97888)
    at E (https://frontend-assets.supabase.com/studio/9145470ff60d/_next/static/chunks/b19069f5770f95c9.js?dpl=dpl_FuqfSVEXXQgrn681Xc9S6p6X1hnE:1:1500)
    at L (https://frontend-assets.supabase.com/studio/9145470ff60d/_next/static/chunks/b19069f5770f95c9.js?dpl=dpl_FuqfSVEXXQgrn681Xc9S6p6X1hnE:1:2030)
[  163961ms] Uncaught Error: Minified React error #418; visit https://reactjs.org/docs/error-decoder.html?invariant=418 for the full message or use the non-minified dev environment for full errors and additional helpful warnings.
    at lg (https://frontend-assets.supabase.com/studio/9145470ff60d/_next/static/chunks/b19069f5770f95c9.js?dpl=dpl_FuqfSVEXXQgrn681Xc9S6p6X1hnE:1:50463)
    at i (https://frontend-assets.supabase.com/studio/9145470ff60d/_next/static/chunks/b19069f5770f95c9.js?dpl=dpl_FuqfSVEXXQgrn681Xc9S6p6X1hnE:1:124957)
    at oD (https://frontend-assets.supabase.com/studio/9145470ff60d/_next/static/chunks/b19069f5770f95c9.js?dpl=dpl_FuqfSVEXXQgrn681Xc9S6p6X1hnE:1:102945)
    at oR (https://frontend-assets.supabase.com/studio/9145470ff60d/_next/static/chunks/b19069f5770f95c9.js?dpl=dpl_FuqfSVEXXQgrn681Xc9S6p6X1hnE:1:102815)
    at oS (https://frontend-assets.supabase.com/studio/9145470ff60d/_next/static/chunks/b19069f5770f95c9.js?dpl=dpl_FuqfSVEXXQgrn681Xc9S6p6X1hnE:1:97888)
    at E (https://frontend-assets.supabase.com/studio/9145470ff60d/_next/static/chunks/b19069f5770f95c9.js?dpl=dpl_FuqfSVEXXQgrn681Xc9S6p6X1hnE:1:1500)
    at L (https://frontend-assets.supabase.com/studio/9145470ff60d/_next/static/chunks/b19069f5770f95c9.js?dpl=dpl_FuqfSVEXXQgrn681Xc9S6p6X1hnE:1:2030)
[  163961ms] Uncaught Error: Minified React error #418; visit https://reactjs.org/docs/error-decoder.html?invariant=418 for the full message or use the non-minified dev environment for full errors and additional helpful warnings.
    at lg (https://frontend-assets.supabase.com/studio/9145470ff60d/_next/static/chunks/b19069f5770f95c9.js?dpl=dpl_FuqfSVEXXQgrn681Xc9S6p6X1hnE:1:50463)
    at i (https://frontend-assets.supabase.com/studio/9145470ff60d/_next/static/chunks/b19069f5770f95c9.js?dpl=dpl_FuqfSVEXXQgrn681Xc9S6p6X1hnE:1:124957)
    at oD (https://frontend-assets.supabase.com/studio/9145470ff60d/_next/static/chunks/b19069f5770f95c9.js?dpl=dpl_FuqfSVEXXQgrn681Xc9S6p6X1hnE:1:102945)
    at oR (https://frontend-assets.supabase.com/studio/9145470ff60d/_next/static/chunks/b19069f5770f95c9.js?dpl=dpl_FuqfSVEXXQgrn681Xc9S6p6X1hnE:1:102815)
    at oS (https://frontend-assets.supabase.com/studio/9145470ff60d/_next/static/chunks/b19069f5770f95c9.js?dpl=dpl_FuqfSVEXXQgrn681Xc9S6p6X1hnE:1:97888)
    at E (https://frontend-assets.supabase.com/studio/9145470ff60d/_next/static/chunks/b19069f5770f95c9.js?dpl=dpl_FuqfSVEXXQgrn681Xc9S6p6X1hnE:1:1500)
    at L (https://frontend-assets.supabase.com/studio/9145470ff60d/_next/static/chunks/b19069f5770f95c9.js?dpl=dpl_FuqfSVEXXQgrn681Xc9S6p6X1hnE:1:2030)
[  163961ms] Uncaught Error: Minified React error #418; visit https://reactjs.org/docs/error-decoder.html?invariant=418 for the full message or use the non-minified dev environment for full errors and additional helpful warnings.
    at lg (https://frontend-assets.supabase.com/studio/9145470ff60d/_next/static/chunks/b19069f5770f95c9.js?dpl=dpl_FuqfSVEXXQgrn681Xc9S6p6X1hnE:1:50463)
    at i (https://frontend-assets.supabase.com/studio/9145470ff60d/_next/static/chunks/b19069f5770f95c9.js?dpl=dpl_FuqfSVEXXQgrn681Xc9S6p6X1hnE:1:124957)
    at oD (https://frontend-assets.supabase.com/studio/9145470ff60d/_next/static/chunks/b19069f5770f95c9.js?dpl=dpl_FuqfSVEXXQgrn681Xc9S6p6X1hnE:1:102945)
    at oR (https://frontend-assets.supabase.com/studio/9145470ff60d/_next/static/chunks/b19069f5770f95c9.js?dpl=dpl_FuqfSVEXXQgrn681Xc9S6p6X1hnE:1:102815)
    at oS (https://frontend-assets.supabase.com/studio/9145470ff60d/_next/static/chunks/b19069f5770f95c9.js?dpl=dpl_FuqfSVEXXQgrn681Xc9S6p6X1hnE:1:97888)
    at E (https://frontend-assets.supabase.com/studio/9145470ff60d/_next/static/chunks/b19069f5770f95c9.js?dpl=dpl_FuqfSVEXXQgrn681Xc9S6p6X1hnE:1:1500)
    at L (https://frontend-assets.supabase.com/studio/9145470ff60d/_next/static/chunks/b19069f5770f95c9.js?dpl=dpl_FuqfSVEXXQgrn681Xc9S6p6X1hnE:1:2030)
[  163962ms] Uncaught Error: Minified React error #418; visit https://reactjs.org/docs/error-decoder.html?invariant=418 for the full message or use the non-minified dev environment for full errors and additional helpful warnings.
    at lg (https://frontend-assets.supabase.com/studio/9145470ff60d/_next/static/chunks/b19069f5770f95c9.js?dpl=dpl_FuqfSVEXXQgrn681Xc9S6p6X1hnE:1:50463)
    at i (https://frontend-assets.supabase.com/studio/9145470ff60d/_next/static/chunks/b19069f5770f95c9.js?dpl=dpl_FuqfSVEXXQgrn681Xc9S6p6X1hnE:1:124957)
    at oD (https://frontend-assets.supabase.com/studio/9145470ff60d/_next/static/chunks/b19069f5770f95c9.js?dpl=dpl_FuqfSVEXXQgrn681Xc9S6p6X1hnE:1:102945)
    at oR (https://frontend-assets.supabase.com/studio/9145470ff60d/_next/static/chunks/b19069f5770f95c9.js?dpl=dpl_FuqfSVEXXQgrn681Xc9S6p6X1hnE:1:102815)
    at oS (https://frontend-assets.supabase.com/studio/9145470ff60d/_next/static/chunks/b19069f5770f95c9.js?dpl=dpl_FuqfSVEXXQgrn681Xc9S6p6X1hnE:1:97888)
    at E (https://frontend-assets.supabase.com/studio/9145470ff60d/_next/static/chunks/b19069f5770f95c9.js?dpl=dpl_FuqfSVEXXQgrn681Xc9S6p6X1hnE:1:1500)
    at L (https://frontend-assets.supabase.com/studio/9145470ff60d/_next/static/chunks/b19069f5770f95c9.js?dpl=dpl_FuqfSVEXXQgrn681Xc9S6p6X1hnE:1:2030)
[  163962ms] Uncaught Error: Minified React error #423; visit https://reactjs.org/docs/error-decoder.html?invariant=423 for the full message or use the non-minified dev environment for full errors and additional helpful warnings.
    at i (https://frontend-assets.supabase.com/studio/9145470ff60d/_next/static/chunks/b19069f5770f95c9.js?dpl=dpl_FuqfSVEXXQgrn681Xc9S6p6X1hnE:1:124616)
    at oD (https://frontend-assets.supabase.com/studio/9145470ff60d/_next/static/chunks/b19069f5770f95c9.js?dpl=dpl_FuqfSVEXXQgrn681Xc9S6p6X1hnE:1:102945)
    at oR (https://frontend-assets.supabase.com/studio/9145470ff60d/_next/static/chunks/b19069f5770f95c9.js?dpl=dpl_FuqfSVEXXQgrn681Xc9S6p6X1hnE:1:102815)
    at ox (https://frontend-assets.supabase.com/studio/9145470ff60d/_next/static/chunks/b19069f5770f95c9.js?dpl=dpl_FuqfSVEXXQgrn681Xc9S6p6X1hnE:1:99586)
    at oS (https://frontend-assets.supabase.com/studio/9145470ff60d/_next/static/chunks/b19069f5770f95c9.js?dpl=dpl_FuqfSVEXXQgrn681Xc9S6p6X1hnE:1:98141)
    at E (https://frontend-assets.supabase.com/studio/9145470ff60d/_next/static/chunks/b19069f5770f95c9.js?dpl=dpl_FuqfSVEXXQgrn681Xc9S6p6X1hnE:1:1500)
    at L (https://frontend-assets.supabase.com/studio/9145470ff60d/_next/static/chunks/b19069f5770f95c9.js?dpl=dpl_FuqfSVEXXQgrn681Xc9S6p6X1hnE:1:2030)
